<?xml version="1.0" encoding="UTF-8"?>
<!-- Generated by org.testng.reporters.JUnitXMLReporter -->
<testsuite ignored="3" hostname="DESKTOP-FSDGJKE" failures="0" tests="1" name="Default test" time="3.834" errors="0" timestamp="2025-02-18T18:33:08 IST">
  <testcase classname="api.test.StudentTests2" name="testPostUser" time="3.383"/>
  <testcase classname="api.test.StudentTests2" name="testGetUserById" time="0.0">
    <ignored/>
  </testcase> <!-- testGetUserById -->
  <testcase classname="api.test.StudentTests2" name="testUpdateUserById" time="0.0">
    <ignored/>
  </testcase> <!-- testUpdateUserById -->
  <testcase classname="api.test.StudentTests2" name="testDeleteStudentById" time="0.0">
    <ignored/>
  </testcase> <!-- testDeleteStudentById -->
</testsuite> <!-- Default test -->
