<?xml version="1.0" encoding="UTF-8"?>
<!-- Generated by org.testng.reporters.JUnitXMLReporter -->
<testsuite ignored="0" hostname="DESKTOP-FSDGJKE" failures="0" tests="16" name="Test" time="10.709" errors="0" timestamp="2025-02-18T18:55:31 IST">
  <testcase classname="api.test.StudentTestsDataDriven" name="testPostUser" time="5.117"/>
  <testcase classname="api.test.StudentTestsDataDriven" name="testPostUser" time="0.063"/>
  <testcase classname="api.test.StudentTestsDataDriven" name="testPostUser" time="0.145"/>
  <testcase classname="api.test.StudentTestsDataDriven" name="testPostUser" time="0.049"/>
  <testcase classname="api.test.StudentTestsDataDriven" name="testGetUserById" time="0.088"/>
  <testcase classname="api.test.StudentTestsDataDriven" name="testGetUserById" time="0.128"/>
  <testcase classname="api.test.StudentTestsDataDriven" name="testGetUserById" time="0.042"/>
  <testcase classname="api.test.StudentTestsDataDriven" name="testGetUserById" time="0.049"/>
  <testcase classname="api.test.StudentTestsDataDriven" name="testDeleteStudentById" time="0.032"/>
  <testcase classname="api.test.StudentTestsDataDriven" name="testDeleteStudentById" time="0.032"/>
  <testcase classname="api.test.StudentTestsDataDriven" name="testDeleteStudentById" time="0.031"/>
  <testcase classname="api.test.StudentTestsDataDriven" name="testDeleteStudentById" time="0.044"/>
  <testcase classname="api.test.StudentTests" name="testPostUser" time="0.037"/>
  <testcase classname="api.test.StudentTests" name="testGetUserById" time="0.06"/>
  <testcase classname="api.test.StudentTests" name="testUpdateUserById" time="0.232"/>
  <testcase classname="api.test.StudentTests" name="testDeleteStudentById" time="0.038"/>
</testsuite> <!-- Test -->
