<?xml version="1.0" encoding="UTF-8"?>
<!-- Generated by org.testng.reporters.JUnitXMLReporter -->
<testsuite ignored="0" hostname="DESKTOP-FSDGJKE" failures="0" tests="16" name="Test" time="9.088" errors="0" timestamp="2025-02-18T19:18:57 IST">
  <testcase classname="api.test.StudentTestsDataDriven" name="testPostUser" time="4.378"/>
  <testcase classname="api.test.StudentTestsDataDriven" name="testPostUser" time="0.036"/>
  <testcase classname="api.test.StudentTestsDataDriven" name="testPostUser" time="0.035"/>
  <testcase classname="api.test.StudentTestsDataDriven" name="testPostUser" time="0.093"/>
  <testcase classname="api.test.StudentTestsDataDriven" name="testGetUserById" time="0.106"/>
  <testcase classname="api.test.StudentTestsDataDriven" name="testGetUserById" time="0.039"/>
  <testcase classname="api.test.StudentTestsDataDriven" name="testGetUserById" time="0.038"/>
  <testcase classname="api.test.StudentTestsDataDriven" name="testGetUserById" time="0.033"/>
  <testcase classname="api.test.StudentTestsDataDriven" name="testDeleteStudentById" time="0.142"/>
  <testcase classname="api.test.StudentTestsDataDriven" name="testDeleteStudentById" time="0.147"/>
  <testcase classname="api.test.StudentTestsDataDriven" name="testDeleteStudentById" time="0.036"/>
  <testcase classname="api.test.StudentTestsDataDriven" name="testDeleteStudentById" time="0.121"/>
  <testcase classname="api.test.StudentTests" name="testPostUser" time="0.115"/>
  <testcase classname="api.test.StudentTests" name="testGetUserById" time="0.119"/>
  <testcase classname="api.test.StudentTests" name="testUpdateUserById" time="0.211"/>
  <testcase classname="api.test.StudentTests" name="testDeleteStudentById" time="0.065"/>
</testsuite> <!-- Test -->
