<?xml version="1.0" encoding="UTF-8"?>
<testsuite xmlns:xsi="http://www.w3.org/2001/XMLSchema-instance" xsi:noNamespaceSchemaLocation="https://maven.apache.org/surefire/maven-surefire-plugin/xsd/surefire-test-report.xsd" version="3.0.2" name="TestSuite" time="11.0" tests="16" errors="0" skipped="0" failures="0">
  <properties>
[...]
</properties>
  <testcase name="testPostUser[{age=21, subjects=history,bio,chem, name=John, grade=8t, id=1001.0}](1)" classname="api.test.StudentTestsDataDriven" time="4.381">
    <system-out><![CDATA[2025-02-18T13:48:49.865620200Z main ERROR Unrecognized format specifier []
2025-02-18T13:48:49.872619800Z main ERROR Empty conversion specifier starting at position 20 in conversion pattern.
HTTP/1.1 201 Created
X-Powered-By: tinyhttp
Access-Control-Allow-Origin: *
Access-Control-Allow-Methods: GET, HEAD, PUT, PATCH, POST, DELETE
Access-Control-Allow-Headers: content-type
Content-Type: application/json
Date: Tue, 18 Feb 2025 13:48:55 GMT
Connection: keep-alive
Keep-Alive: timeout=5
Content-Length: 126

{
    "id": "1001.0",
    "name": "John",
    "grade": "8t",
    "age": 21,
    "subjects": [
        "history",
        "bio",
        "chem"
    ]
}
]]></system-out>
  </testcase>
  <testcase name="testPostUser[{age=22, subjects=math,scienr, name=sina, grade=9th, id=1002.0}](2)" classname="api.test.StudentTestsDataDriven" time="0.046">
    <system-out><![CDATA[HTTP/1.1 201 Created
X-Powered-By: tinyhttp
Access-Control-Allow-Origin: *
Access-Control-Allow-Methods: GET, HEAD, PUT, PATCH, POST, DELETE
Access-Control-Allow-Headers: content-type
Content-Type: application/json
Date: Tue, 18 Feb 2025 13:48:55 GMT
Connection: keep-alive
Keep-Alive: timeout=5
Content-Length: 115

{
    "id": "1002.0",
    "name": "sina",
    "grade": "9th",
    "age": 22,
    "subjects": [
        "math",
        "scienr"
    ]
}
]]></system-out>
  </testcase>
  <testcase name="testPostUser[{age=18, subjects=bio,math, name=ket, grade=10t, id=1003.0}](3)" classname="api.test.StudentTestsDataDriven" time="0.119">
    <system-out><![CDATA[HTTP/1.1 201 Created
X-Powered-By: tinyhttp
Access-Control-Allow-Origin: *
Access-Control-Allow-Methods: GET, HEAD, PUT, PATCH, POST, DELETE
Access-Control-Allow-Headers: content-type
Content-Type: application/json
Date: Tue, 18 Feb 2025 13:48:55 GMT
Connection: keep-alive
Keep-Alive: timeout=5
Content-Length: 111

{
    "id": "1003.0",
    "name": "ket",
    "grade": "10t",
    "age": 18,
    "subjects": [
        "bio",
        "math"
    ]
}
]]></system-out>
  </testcase>
  <testcase name="testPostUser[{age=15, subjects=physics,eco, name=nss, grade=12rt, id=1004.0}](4)" classname="api.test.StudentTestsDataDriven" time="0.019">
    <system-out><![CDATA[HTTP/1.1 201 Created
X-Powered-By: tinyhttp
Access-Control-Allow-Origin: *
Access-Control-Allow-Methods: GET, HEAD, PUT, PATCH, POST, DELETE
Access-Control-Allow-Headers: content-type
Content-Type: application/json
Date: Tue, 18 Feb 2025 13:48:55 GMT
Connection: keep-alive
Keep-Alive: timeout=5
Content-Length: 115

{
    "id": "1004.0",
    "name": "nss",
    "grade": "12rt",
    "age": 15,
    "subjects": [
        "physics",
        "eco"
    ]
}
]]></system-out>
  </testcase>
  <testcase name="testGetUserById[{age=21, subjects=history,bio,chem, name=John, grade=8t, id=1001.0}](1)" classname="api.test.StudentTestsDataDriven" time="0.163">
    <system-out><![CDATA[HTTP/1.1 200 OK
X-Powered-By: tinyhttp
Access-Control-Allow-Origin: *
Access-Control-Allow-Methods: GET, HEAD, PUT, PATCH, POST, DELETE
Access-Control-Allow-Headers: content-type
Content-Type: application/json
Date: Tue, 18 Feb 2025 13:48:56 GMT
Connection: keep-alive
Keep-Alive: timeout=5
Content-Length: 126

{
    "id": "1001.0",
    "name": "John",
    "grade": "8t",
    "age": 21,
    "subjects": [
        "history",
        "bio",
        "chem"
    ]
}
]]></system-out>
  </testcase>
  <testcase name="testGetUserById[{age=22, subjects=math,scienr, name=sina, grade=9th, id=1002.0}](2)" classname="api.test.StudentTestsDataDriven" time="0.007">
    <system-out><![CDATA[HTTP/1.1 200 OK
X-Powered-By: tinyhttp
Access-Control-Allow-Origin: *
Access-Control-Allow-Methods: GET, HEAD, PUT, PATCH, POST, DELETE
Access-Control-Allow-Headers: content-type
Content-Type: application/json
Date: Tue, 18 Feb 2025 13:48:56 GMT
Connection: keep-alive
Keep-Alive: timeout=5
Content-Length: 115

{
    "id": "1002.0",
    "name": "sina",
    "grade": "9th",
    "age": 22,
    "subjects": [
        "math",
        "scienr"
    ]
}
]]></system-out>
  </testcase>
  <testcase name="testGetUserById[{age=18, subjects=bio,math, name=ket, grade=10t, id=1003.0}](3)" classname="api.test.StudentTestsDataDriven" time="0.025">
    <system-out><![CDATA[HTTP/1.1 200 OK
X-Powered-By: tinyhttp
Access-Control-Allow-Origin: *
Access-Control-Allow-Methods: GET, HEAD, PUT, PATCH, POST, DELETE
Access-Control-Allow-Headers: content-type
Content-Type: application/json
Date: Tue, 18 Feb 2025 13:48:56 GMT
Connection: keep-alive
Keep-Alive: timeout=5
Content-Length: 111

{
    "id": "1003.0",
    "name": "ket",
    "grade": "10t",
    "age": 18,
    "subjects": [
        "bio",
        "math"
    ]
}
]]></system-out>
  </testcase>
  <testcase name="testGetUserById[{age=15, subjects=physics,eco, name=nss, grade=12rt, id=1004.0}](4)" classname="api.test.StudentTestsDataDriven" time="0.028">
    <system-out><![CDATA[HTTP/1.1 200 OK
X-Powered-By: tinyhttp
Access-Control-Allow-Origin: *
Access-Control-Allow-Methods: GET, HEAD, PUT, PATCH, POST, DELETE
Access-Control-Allow-Headers: content-type
Content-Type: application/json
Date: Tue, 18 Feb 2025 13:48:56 GMT
Connection: keep-alive
Keep-Alive: timeout=5
Content-Length: 115

{
    "id": "1004.0",
    "name": "nss",
    "grade": "12rt",
    "age": 15,
    "subjects": [
        "physics",
        "eco"
    ]
}
]]></system-out>
  </testcase>
  <testcase name="testDeleteStudentById[{age=21, subjects=history,bio,chem, name=John, grade=8t, id=1001.0}](1)" classname="api.test.StudentTestsDataDriven" time="0.149">
    <system-out><![CDATA[HTTP/1.1 200 OK
X-Powered-By: tinyhttp
Access-Control-Allow-Origin: *
Access-Control-Allow-Methods: GET, HEAD, PUT, PATCH, POST, DELETE
Access-Control-Allow-Headers: content-type
Content-Type: application/json
Date: Tue, 18 Feb 2025 13:48:56 GMT
Connection: keep-alive
Keep-Alive: timeout=5
Content-Length: 126

{
    "id": "1001.0",
    "name": "John",
    "grade": "8t",
    "age": 21,
    "subjects": [
        "history",
        "bio",
        "chem"
    ]
}
]]></system-out>
  </testcase>
  <testcase name="testDeleteStudentById[{age=22, subjects=math,scienr, name=sina, grade=9th, id=1002.0}](2)" classname="api.test.StudentTestsDataDriven" time="0.148">
    <system-out><![CDATA[HTTP/1.1 200 OK
X-Powered-By: tinyhttp
Access-Control-Allow-Origin: *
Access-Control-Allow-Methods: GET, HEAD, PUT, PATCH, POST, DELETE
Access-Control-Allow-Headers: content-type
Content-Type: application/json
Date: Tue, 18 Feb 2025 13:48:56 GMT
Connection: keep-alive
Keep-Alive: timeout=5
Content-Length: 115

{
    "id": "1002.0",
    "name": "sina",
    "grade": "9th",
    "age": 22,
    "subjects": [
        "math",
        "scienr"
    ]
}
]]></system-out>
  </testcase>
  <testcase name="testDeleteStudentById[{age=18, subjects=bio,math, name=ket, grade=10t, id=1003.0}](3)" classname="api.test.StudentTestsDataDriven" time="0.065">
    <system-out><![CDATA[HTTP/1.1 200 OK
X-Powered-By: tinyhttp
Access-Control-Allow-Origin: *
Access-Control-Allow-Methods: GET, HEAD, PUT, PATCH, POST, DELETE
Access-Control-Allow-Headers: content-type
Content-Type: application/json
Date: Tue, 18 Feb 2025 13:48:56 GMT
Connection: keep-alive
Keep-Alive: timeout=5
Content-Length: 111

{
    "id": "1003.0",
    "name": "ket",
    "grade": "10t",
    "age": 18,
    "subjects": [
        "bio",
        "math"
    ]
}
]]></system-out>
  </testcase>
  <testcase name="testDeleteStudentById[{age=15, subjects=physics,eco, name=nss, grade=12rt, id=1004.0}](4)" classname="api.test.StudentTestsDataDriven" time="0.096">
    <system-out><![CDATA[HTTP/1.1 200 OK
X-Powered-By: tinyhttp
Access-Control-Allow-Origin: *
Access-Control-Allow-Methods: GET, HEAD, PUT, PATCH, POST, DELETE
Access-Control-Allow-Headers: content-type
Content-Type: application/json
Date: Tue, 18 Feb 2025 13:48:56 GMT
Connection: keep-alive
Keep-Alive: timeout=5
Content-Length: 115

{
    "id": "1004.0",
    "name": "nss",
    "grade": "12rt",
    "age": 15,
    "subjects": [
        "physics",
        "eco"
    ]
}
]]></system-out>
  </testcase>
  <testcase name="testPostUser" classname="api.test.StudentTests" time="0.136">
    <system-out><![CDATA[HTTP/1.1 201 Created
X-Powered-By: tinyhttp
Access-Control-Allow-Origin: *
Access-Control-Allow-Methods: GET, HEAD, PUT, PATCH, POST, DELETE
Access-Control-Allow-Headers: content-type
Content-Type: application/json
Date: Tue, 18 Feb 2025 13:48:57 GMT
Connection: keep-alive
Keep-Alive: timeout=5
Content-Length: 181

{
    "id": "1107034244",
    "name": "helena.bernier",
    "grade": "Willow Rosenberg",
    "age": 1107034244,
    "subjects": [
        "Crime/Detective",
        "Short story",
        "Fantasy"
    ]
}
]]></system-out>
  </testcase>
  <testcase name="testGetUserById" classname="api.test.StudentTests" time="0.11">
    <system-out><![CDATA[HTTP/1.1 200 OK
X-Powered-By: tinyhttp
Access-Control-Allow-Origin: *
Access-Control-Allow-Methods: GET, HEAD, PUT, PATCH, POST, DELETE
Access-Control-Allow-Headers: content-type
Content-Type: application/json
Date: Tue, 18 Feb 2025 13:48:57 GMT
Connection: keep-alive
Keep-Alive: timeout=5
Content-Length: 181

{
    "id": "1107034244",
    "name": "helena.bernier",
    "grade": "Willow Rosenberg",
    "age": 1107034244,
    "subjects": [
        "Crime/Detective",
        "Short story",
        "Fantasy"
    ]
}
]]></system-out>
  </testcase>
  <testcase name="testUpdateUserById" classname="api.test.StudentTests" time="0.209">
    <system-out><![CDATA[{
    "name": "danette.murazik",
    "grade": "Amy Madison",
    "id": "1107034244",
    "age": 1107034244,
    "subjects": [
        "Crime/Detective",
        "Short story",
        "Fantasy"
    ]
}
HTTP/1.1 200 OK
X-Powered-By: tinyhttp
Access-Control-Allow-Origin: *
Access-Control-Allow-Methods: GET, HEAD, PUT, PATCH, POST, DELETE
Access-Control-Allow-Headers: content-type
Content-Type: application/json
Date: Tue, 18 Feb 2025 13:48:57 GMT
Connection: keep-alive
Keep-Alive: timeout=5
Content-Length: 177

{
    "name": "danette.murazik",
    "grade": "Amy Madison",
    "id": "1107034244",
    "age": 1107034244,
    "subjects": [
        "Crime/Detective",
        "Short story",
        "Fantasy"
    ]
}
]]></system-out>
  </testcase>
  <testcase name="testDeleteStudentById" classname="api.test.StudentTests" time="0.062">
    <system-out><![CDATA[HTTP/1.1 200 OK
X-Powered-By: tinyhttp
Access-Control-Allow-Origin: *
Access-Control-Allow-Methods: GET, HEAD, PUT, PATCH, POST, DELETE
Access-Control-Allow-Headers: content-type
Content-Type: application/json
Date: Tue, 18 Feb 2025 13:48:57 GMT
Connection: keep-alive
Keep-Alive: timeout=5
Content-Length: 177

{
    "name": "danette.murazik",
    "grade": "Amy Madison",
    "id": "1107034244",
    "age": 1107034244,
    "subjects": [
        "Crime/Detective",
        "Short story",
        "Fantasy"
    ]
}
]]></system-out>
  </testcase>
</testsuite>