<?xml version="1.0" encoding="UTF-8"?>
<testng-results ignored="0" total="16" passed="16" failed="0" skipped="0">
  <reporter-output>
  </reporter-output>
  <suite started-at="2025-02-18T18:55:20 IST" name="Suite" finished-at="2025-02-18T18:55:31 IST" duration-ms="10709">
    <groups>
    </groups>
    <test started-at="2025-02-18T18:55:20 IST" name="Test" finished-at="2025-02-18T18:55:31 IST" duration-ms="10709">
      <class name="api.test.StudentTestsDataDriven">
        <test-method is-config="true" signature="setUpData()[pri:0, instance:api.test.StudentTestsDataDriven@359f7cdf]" started-at="2025-02-18T18:55:21 IST" name="setUpData" finished-at="2025-02-18T18:55:22 IST" duration-ms="1166" status="PASS">
          <reporter-output>
          </reporter-output>
        </test-method> <!-- setUpData -->
        <test-method signature="testPostUser(java.util.Hashtable)[pri:1, instance:api.test.StudentTestsDataDriven@359f7cdf]" started-at="2025-02-18T18:55:24 IST" name="testPostUser" data-provider="data" finished-at="2025-02-18T18:55:29 IST" duration-ms="5117" status="PASS">
          <params>
            <param index="0">
              <value>
                <![CDATA[{age=21, subjects=history,bio,chem, name=John, grade=8t, id=1001.0}]]>
              </value>
            </param>
          </params>
          <reporter-output>
          </reporter-output>
        </test-method> <!-- testPostUser -->
        <test-method signature="testPostUser(java.util.Hashtable)[pri:1, instance:api.test.StudentTestsDataDriven@359f7cdf]" started-at="2025-02-18T18:55:29 IST" name="testPostUser" data-provider="data" finished-at="2025-02-18T18:55:29 IST" duration-ms="63" status="PASS">
          <params>
            <param index="0">
              <value>
                <![CDATA[{age=22, subjects=math,scienr, name=sina, grade=9th, id=1002.0}]]>
              </value>
            </param>
          </params>
          <reporter-output>
          </reporter-output>
        </test-method> <!-- testPostUser -->
        <test-method signature="testPostUser(java.util.Hashtable)[pri:1, instance:api.test.StudentTestsDataDriven@359f7cdf]" started-at="2025-02-18T18:55:29 IST" name="testPostUser" data-provider="data" finished-at="2025-02-18T18:55:30 IST" duration-ms="145" status="PASS">
          <params>
            <param index="0">
              <value>
                <![CDATA[{age=18, subjects=bio,math, name=ket, grade=10t, id=1003.0}]]>
              </value>
            </param>
          </params>
          <reporter-output>
          </reporter-output>
        </test-method> <!-- testPostUser -->
        <test-method signature="testPostUser(java.util.Hashtable)[pri:1, instance:api.test.StudentTestsDataDriven@359f7cdf]" started-at="2025-02-18T18:55:30 IST" name="testPostUser" data-provider="data" finished-at="2025-02-18T18:55:30 IST" duration-ms="49" status="PASS">
          <params>
            <param index="0">
              <value>
                <![CDATA[{age=15, subjects=physics,eco, name=nss, grade=12rt, id=1004.0}]]>
              </value>
            </param>
          </params>
          <reporter-output>
          </reporter-output>
        </test-method> <!-- testPostUser -->
        <test-method signature="testGetUserById(java.util.Hashtable)[pri:2, instance:api.test.StudentTestsDataDriven@359f7cdf]" started-at="2025-02-18T18:55:30 IST" name="testGetUserById" data-provider="data" finished-at="2025-02-18T18:55:30 IST" duration-ms="88" status="PASS">
          <params>
            <param index="0">
              <value>
                <![CDATA[{age=21, subjects=history,bio,chem, name=John, grade=8t, id=1001.0}]]>
              </value>
            </param>
          </params>
          <reporter-output>
          </reporter-output>
        </test-method> <!-- testGetUserById -->
        <test-method signature="testGetUserById(java.util.Hashtable)[pri:2, instance:api.test.StudentTestsDataDriven@359f7cdf]" started-at="2025-02-18T18:55:30 IST" name="testGetUserById" data-provider="data" finished-at="2025-02-18T18:55:30 IST" duration-ms="128" status="PASS">
          <params>
            <param index="0">
              <value>
                <![CDATA[{age=22, subjects=math,scienr, name=sina, grade=9th, id=1002.0}]]>
              </value>
            </param>
          </params>
          <reporter-output>
          </reporter-output>
        </test-method> <!-- testGetUserById -->
        <test-method signature="testGetUserById(java.util.Hashtable)[pri:2, instance:api.test.StudentTestsDataDriven@359f7cdf]" started-at="2025-02-18T18:55:30 IST" name="testGetUserById" data-provider="data" finished-at="2025-02-18T18:55:30 IST" duration-ms="42" status="PASS">
          <params>
            <param index="0">
              <value>
                <![CDATA[{age=18, subjects=bio,math, name=ket, grade=10t, id=1003.0}]]>
              </value>
            </param>
          </params>
          <reporter-output>
          </reporter-output>
        </test-method> <!-- testGetUserById -->
        <test-method signature="testGetUserById(java.util.Hashtable)[pri:2, instance:api.test.StudentTestsDataDriven@359f7cdf]" started-at="2025-02-18T18:55:30 IST" name="testGetUserById" data-provider="data" finished-at="2025-02-18T18:55:30 IST" duration-ms="49" status="PASS">
          <params>
            <param index="0">
              <value>
                <![CDATA[{age=15, subjects=physics,eco, name=nss, grade=12rt, id=1004.0}]]>
              </value>
            </param>
          </params>
          <reporter-output>
          </reporter-output>
        </test-method> <!-- testGetUserById -->
        <test-method signature="testDeleteStudentById(java.util.Hashtable)[pri:4, instance:api.test.StudentTestsDataDriven@359f7cdf]" started-at="2025-02-18T18:55:30 IST" name="testDeleteStudentById" data-provider="data" finished-at="2025-02-18T18:55:30 IST" duration-ms="32" status="PASS">
          <params>
            <param index="0">
              <value>
                <![CDATA[{age=21, subjects=history,bio,chem, name=John, grade=8t, id=1001.0}]]>
              </value>
            </param>
          </params>
          <reporter-output>
          </reporter-output>
        </test-method> <!-- testDeleteStudentById -->
        <test-method signature="testDeleteStudentById(java.util.Hashtable)[pri:4, instance:api.test.StudentTestsDataDriven@359f7cdf]" started-at="2025-02-18T18:55:30 IST" name="testDeleteStudentById" data-provider="data" finished-at="2025-02-18T18:55:30 IST" duration-ms="32" status="PASS">
          <params>
            <param index="0">
              <value>
                <![CDATA[{age=22, subjects=math,scienr, name=sina, grade=9th, id=1002.0}]]>
              </value>
            </param>
          </params>
          <reporter-output>
          </reporter-output>
        </test-method> <!-- testDeleteStudentById -->
        <test-method signature="testDeleteStudentById(java.util.Hashtable)[pri:4, instance:api.test.StudentTestsDataDriven@359f7cdf]" started-at="2025-02-18T18:55:30 IST" name="testDeleteStudentById" data-provider="data" finished-at="2025-02-18T18:55:30 IST" duration-ms="31" status="PASS">
          <params>
            <param index="0">
              <value>
                <![CDATA[{age=18, subjects=bio,math, name=ket, grade=10t, id=1003.0}]]>
              </value>
            </param>
          </params>
          <reporter-output>
          </reporter-output>
        </test-method> <!-- testDeleteStudentById -->
        <test-method signature="testDeleteStudentById(java.util.Hashtable)[pri:4, instance:api.test.StudentTestsDataDriven@359f7cdf]" started-at="2025-02-18T18:55:30 IST" name="testDeleteStudentById" data-provider="data" finished-at="2025-02-18T18:55:30 IST" duration-ms="44" status="PASS">
          <params>
            <param index="0">
              <value>
                <![CDATA[{age=15, subjects=physics,eco, name=nss, grade=12rt, id=1004.0}]]>
              </value>
            </param>
          </params>
          <reporter-output>
          </reporter-output>
        </test-method> <!-- testDeleteStudentById -->
      </class> <!-- api.test.StudentTestsDataDriven -->
      <class name="api.test.StudentTests">
        <test-method is-config="true" signature="setUpData()[pri:0, instance:api.test.StudentTests@79924b]" started-at="2025-02-18T18:55:30 IST" name="setUpData" finished-at="2025-02-18T18:55:31 IST" duration-ms="387" status="PASS">
          <reporter-output>
          </reporter-output>
        </test-method> <!-- setUpData -->
        <test-method signature="testPostUser()[pri:1, instance:api.test.StudentTests@79924b]" started-at="2025-02-18T18:55:31 IST" name="testPostUser" finished-at="2025-02-18T18:55:31 IST" duration-ms="37" status="PASS">
          <reporter-output>
          </reporter-output>
        </test-method> <!-- testPostUser -->
        <test-method signature="testGetUserById()[pri:2, instance:api.test.StudentTests@79924b]" started-at="2025-02-18T18:55:31 IST" name="testGetUserById" finished-at="2025-02-18T18:55:31 IST" duration-ms="60" status="PASS">
          <reporter-output>
          </reporter-output>
        </test-method> <!-- testGetUserById -->
        <test-method signature="testUpdateUserById()[pri:3, instance:api.test.StudentTests@79924b]" started-at="2025-02-18T18:55:31 IST" name="testUpdateUserById" finished-at="2025-02-18T18:55:31 IST" duration-ms="232" status="PASS">
          <reporter-output>
          </reporter-output>
        </test-method> <!-- testUpdateUserById -->
        <test-method signature="testDeleteStudentById()[pri:4, instance:api.test.StudentTests@79924b]" started-at="2025-02-18T18:55:31 IST" name="testDeleteStudentById" finished-at="2025-02-18T18:55:31 IST" duration-ms="38" status="PASS">
          <reporter-output>
          </reporter-output>
        </test-method> <!-- testDeleteStudentById -->
      </class> <!-- api.test.StudentTests -->
    </test> <!-- Test -->
  </suite> <!-- Suite -->
</testng-results>
